2020-07-20 14:06:36.3009||INFO|Vacations.API.Program|######### Initialize Application ########## |url: |action: 
2020-07-20 14:29:38.5260||INFO|Vacations.API.Program|######### Initialize Application ########## |url: |action: 
2020-07-20 16:38:04.7698||INFO|Vacations.API.Program|######### Initialize Application ########## |url: |action: 
2020-07-20 16:41:18.1945||INFO|Vacations.API.Program|######### Initialize Application ########## |url: |action: 
2020-07-20 18:16:31.0560||INFO|Vacations.API.Program|######### Initialize Application ########## |url: |action: 
2020-07-20 18:23:02.1716||INFO|Vacations.API.Program|######### Initialize Application ########## |url: |action: 
2020-07-20 18:38:42.3436||INFO|Vacations.API.Program|######### Initialize Application ########## |url: |action: 
2020-07-20 18:42:05.2130||INFO|Vacations.API.Program|######### Initialize Application ########## |url: |action: 
2020-07-20 18:48:33.2580||INFO|Vacations.API.Program|######### Initialize Application ########## |url: |action: 
2020-07-20 18:49:04.6225|1|ERROR|Microsoft.AspNetCore.Diagnostics.DeveloperExceptionPageMiddleware|An unhandled exception has occurred while executing the request. AutoMapper.AutoMapperMappingException: Missing type map configuration or unsupported mapping.

Mapping types:
EmployeeLeavesAllDateDTO -> EmployeeLeavesEntity
Vacations.API.Models.EmployeeLeavesAllDateDTO -> Vacations.API.Entities.EmployeeLeavesEntity
   at lambda_method(Closure , EmployeeLeavesAllDateDTO , EmployeeLeavesEntity , ResolutionContext )
   at lambda_method(Closure , Object , Object , ResolutionContext )
   at AutoMapper.Mapper.Map[TDestination](Object source) in C:\projects\automapper\src\AutoMapper\Mapper.cs:line 35
   at Vacations.API.Core.Services.Leaves.EmployeeLeavesService.GetEmployeeLeavesAllByDate(EmployeeLeavesAllDateDTO employeeLeavesAllDateDTO) in C:\Projects\VacationManagement\Vacations.API\Core\Services\Leaves\EmployeeLeavesService.cs:line 40
   at Vacations.API.Controllers.Leaves.EmployeeLeavesController.GetEmployeeLeavesAllByDate(Int32 vacationTypeId, DateTime dateFrom, DateTime dateTo) in C:\Projects\VacationManagement\Vacations.API\Controllers\Leaves\EmployeeLeavesController.cs:line 54
   at Microsoft.AspNetCore.Mvc.Internal.ActionMethodExecutor.TaskOfIActionResultExecutor.Execute(IActionResultTypeMapper mapper, ObjectMethodExecutor executor, Object controller, Object[] arguments)
   at System.Threading.Tasks.ValueTask`1.get_Result()
   at Microsoft.AspNetCore.Mvc.Internal.ControllerActionInvoker.InvokeActionMethodAsync()
   at Microsoft.AspNetCore.Mvc.Internal.ControllerActionInvoker.InvokeNextActionFilterAsync()
   at Microsoft.AspNetCore.Mvc.Internal.ControllerActionInvoker.Rethrow(ActionExecutedContext context)
   at Microsoft.AspNetCore.Mvc.Internal.ControllerActionInvoker.Next(State& next, Scope& scope, Object& state, Boolean& isCompleted)
   at Microsoft.AspNetCore.Mvc.Internal.ControllerActionInvoker.InvokeInnerFilterAsync()
   at Microsoft.AspNetCore.Mvc.Internal.ResourceInvoker.InvokeNextResourceFilter()
   at Microsoft.AspNetCore.Mvc.Internal.ResourceInvoker.Rethrow(ResourceExecutedContext context)
   at Microsoft.AspNetCore.Mvc.Internal.ResourceInvoker.Next(State& next, Scope& scope, Object& state, Boolean& isCompleted)
   at Microsoft.AspNetCore.Mvc.Internal.ResourceInvoker.InvokeFilterPipelineAsync()
   at Microsoft.AspNetCore.Mvc.Internal.ResourceInvoker.InvokeAsync()
   at Microsoft.AspNetCore.Routing.EndpointMiddleware.Invoke(HttpContext httpContext)
   at Microsoft.AspNetCore.Routing.EndpointRoutingMiddleware.Invoke(HttpContext httpContext)
   at Microsoft.AspNetCore.Diagnostics.DeveloperExceptionPageMiddleware.Invoke(HttpContext context)|url: https://localhost/api/vacation/employeeleaves/GetEmployeeLeavesAllByDate/1/2020-01-30T10:34/2020-12-31T10:34|action: GetEmployeeLeavesAllByDate
2020-07-20 18:50:46.0872|1|ERROR|Microsoft.AspNetCore.Diagnostics.DeveloperExceptionPageMiddleware|An unhandled exception has occurred while executing the request. AutoMapper.AutoMapperMappingException: Missing type map configuration or unsupported mapping.

Mapping types:
EmployeeLeavesAllDateDTO -> EmployeeLeavesEntity
Vacations.API.Models.EmployeeLeavesAllDateDTO -> Vacations.API.Entities.EmployeeLeavesEntity
   at lambda_method(Closure , EmployeeLeavesAllDateDTO , EmployeeLeavesEntity , ResolutionContext )
   at lambda_method(Closure , Object , Object , ResolutionContext )
   at AutoMapper.Mapper.Map[TDestination](Object source) in C:\projects\automapper\src\AutoMapper\Mapper.cs:line 35
   at Vacations.API.Core.Services.Leaves.EmployeeLeavesService.GetEmployeeLeavesAllByDate(EmployeeLeavesAllDateDTO employeeLeavesAllDateDTO) in C:\Projects\VacationManagement\Vacations.API\Core\Services\Leaves\EmployeeLeavesService.cs:line 40
   at Vacations.API.Controllers.Leaves.EmployeeLeavesController.GetEmployeeLeavesAllByDate(Int32 vacationTypeId, DateTime dateFrom, DateTime dateTo) in C:\Projects\VacationManagement\Vacations.API\Controllers\Leaves\EmployeeLeavesController.cs:line 54
   at Microsoft.AspNetCore.Mvc.Internal.ActionMethodExecutor.TaskOfIActionResultExecutor.Execute(IActionResultTypeMapper mapper, ObjectMethodExecutor executor, Object controller, Object[] arguments)
   at System.Threading.Tasks.ValueTask`1.get_Result()
   at Microsoft.AspNetCore.Mvc.Internal.ControllerActionInvoker.InvokeActionMethodAsync()
   at Microsoft.AspNetCore.Mvc.Internal.ControllerActionInvoker.InvokeNextActionFilterAsync()
   at Microsoft.AspNetCore.Mvc.Internal.ControllerActionInvoker.Rethrow(ActionExecutedContext context)
   at Microsoft.AspNetCore.Mvc.Internal.ControllerActionInvoker.Next(State& next, Scope& scope, Object& state, Boolean& isCompleted)
   at Microsoft.AspNetCore.Mvc.Internal.ControllerActionInvoker.InvokeInnerFilterAsync()
   at Microsoft.AspNetCore.Mvc.Internal.ResourceInvoker.InvokeNextResourceFilter()
   at Microsoft.AspNetCore.Mvc.Internal.ResourceInvoker.Rethrow(ResourceExecutedContext context)
   at Microsoft.AspNetCore.Mvc.Internal.ResourceInvoker.Next(State& next, Scope& scope, Object& state, Boolean& isCompleted)
   at Microsoft.AspNetCore.Mvc.Internal.ResourceInvoker.InvokeFilterPipelineAsync()
   at Microsoft.AspNetCore.Mvc.Internal.ResourceInvoker.InvokeAsync()
   at Microsoft.AspNetCore.Routing.EndpointMiddleware.Invoke(HttpContext httpContext)
   at Microsoft.AspNetCore.Routing.EndpointRoutingMiddleware.Invoke(HttpContext httpContext)
   at Microsoft.AspNetCore.Diagnostics.DeveloperExceptionPageMiddleware.Invoke(HttpContext context)|url: https://localhost/api/vacation/employeeleaves/getEmployeeLeavesAllByDate/1/2020-01-30T10:34/2020-12-31T10:34|action: GetEmployeeLeavesAllByDate
2020-07-20 18:51:34.1692|1|ERROR|Microsoft.AspNetCore.Diagnostics.DeveloperExceptionPageMiddleware|An unhandled exception has occurred while executing the request. AutoMapper.AutoMapperMappingException: Missing type map configuration or unsupported mapping.

Mapping types:
EmployeeLeavesAllDateDTO -> EmployeeLeavesEntity
Vacations.API.Models.EmployeeLeavesAllDateDTO -> Vacations.API.Entities.EmployeeLeavesEntity
   at lambda_method(Closure , EmployeeLeavesAllDateDTO , EmployeeLeavesEntity , ResolutionContext )
   at lambda_method(Closure , Object , Object , ResolutionContext )
   at AutoMapper.Mapper.Map[TDestination](Object source) in C:\projects\automapper\src\AutoMapper\Mapper.cs:line 35
   at Vacations.API.Core.Services.Leaves.EmployeeLeavesService.GetEmployeeLeavesAllByDate(EmployeeLeavesAllDateDTO employeeLeavesAllDateDTO) in C:\Projects\VacationManagement\Vacations.API\Core\Services\Leaves\EmployeeLeavesService.cs:line 40
   at Vacations.API.Controllers.Leaves.EmployeeLeavesController.GetEmployeeLeavesAllByDate(Int32 vacationTypeId, DateTime dateFrom, DateTime dateTo) in C:\Projects\VacationManagement\Vacations.API\Controllers\Leaves\EmployeeLeavesController.cs:line 54
   at Microsoft.AspNetCore.Mvc.Internal.ActionMethodExecutor.TaskOfIActionResultExecutor.Execute(IActionResultTypeMapper mapper, ObjectMethodExecutor executor, Object controller, Object[] arguments)
   at System.Threading.Tasks.ValueTask`1.get_Result()
   at Microsoft.AspNetCore.Mvc.Internal.ControllerActionInvoker.InvokeActionMethodAsync()
   at Microsoft.AspNetCore.Mvc.Internal.ControllerActionInvoker.InvokeNextActionFilterAsync()
   at Microsoft.AspNetCore.Mvc.Internal.ControllerActionInvoker.Rethrow(ActionExecutedContext context)
   at Microsoft.AspNetCore.Mvc.Internal.ControllerActionInvoker.Next(State& next, Scope& scope, Object& state, Boolean& isCompleted)
   at Microsoft.AspNetCore.Mvc.Internal.ControllerActionInvoker.InvokeInnerFilterAsync()
   at Microsoft.AspNetCore.Mvc.Internal.ResourceInvoker.InvokeNextResourceFilter()
   at Microsoft.AspNetCore.Mvc.Internal.ResourceInvoker.Rethrow(ResourceExecutedContext context)
   at Microsoft.AspNetCore.Mvc.Internal.ResourceInvoker.Next(State& next, Scope& scope, Object& state, Boolean& isCompleted)
   at Microsoft.AspNetCore.Mvc.Internal.ResourceInvoker.InvokeFilterPipelineAsync()
   at Microsoft.AspNetCore.Mvc.Internal.ResourceInvoker.InvokeAsync()
   at Microsoft.AspNetCore.Routing.EndpointMiddleware.Invoke(HttpContext httpContext)
   at Microsoft.AspNetCore.Routing.EndpointRoutingMiddleware.Invoke(HttpContext httpContext)
   at Microsoft.AspNetCore.Diagnostics.DeveloperExceptionPageMiddleware.Invoke(HttpContext context)|url: https://localhost/api/vacation/employeeleaves/getEmployeeLeavesAllByDate/1/2020-01-30T10:34/2020-12-31T10:34|action: GetEmployeeLeavesAllByDate
2020-07-20 18:51:52.7935||INFO|Vacations.API.Program|######### Initialize Application ########## |url: |action: 
2020-07-20 18:52:21.1669|1|ERROR|Microsoft.AspNetCore.Diagnostics.DeveloperExceptionPageMiddleware|An unhandled exception has occurred while executing the request. AutoMapper.AutoMapperMappingException: Missing type map configuration or unsupported mapping.

Mapping types:
EmployeeLeavesAllDateDTO -> EmployeeLeavesEntity
Vacations.API.Models.EmployeeLeavesAllDateDTO -> Vacations.API.Entities.EmployeeLeavesEntity
   at lambda_method(Closure , EmployeeLeavesAllDateDTO , EmployeeLeavesEntity , ResolutionContext )
   at lambda_method(Closure , Object , Object , ResolutionContext )
   at AutoMapper.Mapper.Map[TDestination](Object source) in C:\projects\automapper\src\AutoMapper\Mapper.cs:line 35
   at Vacations.API.Core.Services.Leaves.EmployeeLeavesService.GetEmployeeLeavesAllByDate(EmployeeLeavesAllDateDTO employeeLeavesAllDateDTO) in C:\Projects\VacationManagement\Vacations.API\Core\Services\Leaves\EmployeeLeavesService.cs:line 40
   at Vacations.API.Controllers.Leaves.EmployeeLeavesController.GetEmployeeLeavesAllByDate(Int32 vacationTypeId, DateTime dateFrom, DateTime dateTo) in C:\Projects\VacationManagement\Vacations.API\Controllers\Leaves\EmployeeLeavesController.cs:line 54
   at Microsoft.AspNetCore.Mvc.Internal.ActionMethodExecutor.TaskOfIActionResultExecutor.Execute(IActionResultTypeMapper mapper, ObjectMethodExecutor executor, Object controller, Object[] arguments)
   at System.Threading.Tasks.ValueTask`1.get_Result()
   at Microsoft.AspNetCore.Mvc.Internal.ControllerActionInvoker.InvokeActionMethodAsync()
   at Microsoft.AspNetCore.Mvc.Internal.ControllerActionInvoker.InvokeNextActionFilterAsync()
   at Microsoft.AspNetCore.Mvc.Internal.ControllerActionInvoker.Rethrow(ActionExecutedContext context)
   at Microsoft.AspNetCore.Mvc.Internal.ControllerActionInvoker.Next(State& next, Scope& scope, Object& state, Boolean& isCompleted)
   at Microsoft.AspNetCore.Mvc.Internal.ControllerActionInvoker.InvokeInnerFilterAsync()
   at Microsoft.AspNetCore.Mvc.Internal.ResourceInvoker.InvokeNextResourceFilter()
   at Microsoft.AspNetCore.Mvc.Internal.ResourceInvoker.Rethrow(ResourceExecutedContext context)
   at Microsoft.AspNetCore.Mvc.Internal.ResourceInvoker.Next(State& next, Scope& scope, Object& state, Boolean& isCompleted)
   at Microsoft.AspNetCore.Mvc.Internal.ResourceInvoker.InvokeFilterPipelineAsync()
   at Microsoft.AspNetCore.Mvc.Internal.ResourceInvoker.InvokeAsync()
   at Microsoft.AspNetCore.Routing.EndpointMiddleware.Invoke(HttpContext httpContext)
   at Microsoft.AspNetCore.Routing.EndpointRoutingMiddleware.Invoke(HttpContext httpContext)
   at Microsoft.AspNetCore.Diagnostics.DeveloperExceptionPageMiddleware.Invoke(HttpContext context)|url: https://localhost/api/vacation/employeeleaves/getEmployeeLeavesAllByDate/1/2020-01-30T10:34/2020-12-31T10:34|action: GetEmployeeLeavesAllByDate
2020-07-20 20:59:32.2629||INFO|Vacations.API.Program|######### Initialize Application ########## |url: |action: 
2020-07-20 21:00:30.0222|1|ERROR|Microsoft.AspNetCore.Diagnostics.DeveloperExceptionPageMiddleware|An unhandled exception has occurred while executing the request. AutoMapper.AutoMapperMappingException: Missing type map configuration or unsupported mapping.

Mapping types:
EmployeeLeavesAllDateDTO -> EmployeeLeavesEntity
Vacations.API.Models.EmployeeLeavesAllDateDTO -> Vacations.API.Entities.EmployeeLeavesEntity
   at lambda_method(Closure , EmployeeLeavesAllDateDTO , EmployeeLeavesEntity , ResolutionContext )
   at lambda_method(Closure , Object , Object , ResolutionContext )
   at AutoMapper.Mapper.Map[TDestination](Object source) in C:\projects\automapper\src\AutoMapper\Mapper.cs:line 35
   at Vacations.API.Core.Services.Leaves.EmployeeLeavesService.GetEmployeeLeavesAllByDate(EmployeeLeavesAllDateDTO employeeLeavesAllDateDTO) in C:\Projects\VacationManagement\Vacations.API\Core\Services\Leaves\EmployeeLeavesService.cs:line 40
   at Vacations.API.Controllers.Leaves.EmployeeLeavesController.GetEmployeeLeavesAllByDate(Int32 vacationTypeId, DateTime dateFrom, DateTime dateTo) in C:\Projects\VacationManagement\Vacations.API\Controllers\Leaves\EmployeeLeavesController.cs:line 54
   at Microsoft.AspNetCore.Mvc.Internal.ActionMethodExecutor.TaskOfIActionResultExecutor.Execute(IActionResultTypeMapper mapper, ObjectMethodExecutor executor, Object controller, Object[] arguments)
   at System.Threading.Tasks.ValueTask`1.get_Result()
   at Microsoft.AspNetCore.Mvc.Internal.ControllerActionInvoker.InvokeActionMethodAsync()
   at Microsoft.AspNetCore.Mvc.Internal.ControllerActionInvoker.InvokeNextActionFilterAsync()
   at Microsoft.AspNetCore.Mvc.Internal.ControllerActionInvoker.Rethrow(ActionExecutedContext context)
   at Microsoft.AspNetCore.Mvc.Internal.ControllerActionInvoker.Next(State& next, Scope& scope, Object& state, Boolean& isCompleted)
   at Microsoft.AspNetCore.Mvc.Internal.ControllerActionInvoker.InvokeInnerFilterAsync()
   at Microsoft.AspNetCore.Mvc.Internal.ResourceInvoker.InvokeNextResourceFilter()
   at Microsoft.AspNetCore.Mvc.Internal.ResourceInvoker.Rethrow(ResourceExecutedContext context)
   at Microsoft.AspNetCore.Mvc.Internal.ResourceInvoker.Next(State& next, Scope& scope, Object& state, Boolean& isCompleted)
   at Microsoft.AspNetCore.Mvc.Internal.ResourceInvoker.InvokeFilterPipelineAsync()
   at Microsoft.AspNetCore.Mvc.Internal.ResourceInvoker.InvokeAsync()
   at Microsoft.AspNetCore.Routing.EndpointMiddleware.Invoke(HttpContext httpContext)
   at Microsoft.AspNetCore.Routing.EndpointRoutingMiddleware.Invoke(HttpContext httpContext)
   at Microsoft.AspNetCore.Diagnostics.DeveloperExceptionPageMiddleware.Invoke(HttpContext context)|url: https://localhost/api/vacation/employeeleaves/getEmployeeLeavesAllByDate/1/2020-01-30T10:34/2020-12-31T10:34|action: GetEmployeeLeavesAllByDate
2020-07-20 21:00:38.3837|1|ERROR|Microsoft.AspNetCore.Diagnostics.DeveloperExceptionPageMiddleware|An unhandled exception has occurred while executing the request. AutoMapper.AutoMapperMappingException: Missing type map configuration or unsupported mapping.

Mapping types:
EmployeeLeavesAllDateDTO -> EmployeeLeavesEntity
Vacations.API.Models.EmployeeLeavesAllDateDTO -> Vacations.API.Entities.EmployeeLeavesEntity
   at lambda_method(Closure , EmployeeLeavesAllDateDTO , EmployeeLeavesEntity , ResolutionContext )
   at lambda_method(Closure , Object , Object , ResolutionContext )
   at AutoMapper.Mapper.Map[TDestination](Object source) in C:\projects\automapper\src\AutoMapper\Mapper.cs:line 35
   at Vacations.API.Core.Services.Leaves.EmployeeLeavesService.GetEmployeeLeavesAllByDate(EmployeeLeavesAllDateDTO employeeLeavesAllDateDTO) in C:\Projects\VacationManagement\Vacations.API\Core\Services\Leaves\EmployeeLeavesService.cs:line 40
   at Vacations.API.Controllers.Leaves.EmployeeLeavesController.GetEmployeeLeavesAllByDate(Int32 vacationTypeId, DateTime dateFrom, DateTime dateTo) in C:\Projects\VacationManagement\Vacations.API\Controllers\Leaves\EmployeeLeavesController.cs:line 54
   at Microsoft.AspNetCore.Mvc.Internal.ActionMethodExecutor.TaskOfIActionResultExecutor.Execute(IActionResultTypeMapper mapper, ObjectMethodExecutor executor, Object controller, Object[] arguments)
   at System.Threading.Tasks.ValueTask`1.get_Result()
   at Microsoft.AspNetCore.Mvc.Internal.ControllerActionInvoker.InvokeActionMethodAsync()
   at Microsoft.AspNetCore.Mvc.Internal.ControllerActionInvoker.InvokeNextActionFilterAsync()
   at Microsoft.AspNetCore.Mvc.Internal.ControllerActionInvoker.Rethrow(ActionExecutedContext context)
   at Microsoft.AspNetCore.Mvc.Internal.ControllerActionInvoker.Next(State& next, Scope& scope, Object& state, Boolean& isCompleted)
   at Microsoft.AspNetCore.Mvc.Internal.ControllerActionInvoker.InvokeInnerFilterAsync()
   at Microsoft.AspNetCore.Mvc.Internal.ResourceInvoker.InvokeNextResourceFilter()
   at Microsoft.AspNetCore.Mvc.Internal.ResourceInvoker.Rethrow(ResourceExecutedContext context)
   at Microsoft.AspNetCore.Mvc.Internal.ResourceInvoker.Next(State& next, Scope& scope, Object& state, Boolean& isCompleted)
   at Microsoft.AspNetCore.Mvc.Internal.ResourceInvoker.InvokeFilterPipelineAsync()
   at Microsoft.AspNetCore.Mvc.Internal.ResourceInvoker.InvokeAsync()
   at Microsoft.AspNetCore.Routing.EndpointMiddleware.Invoke(HttpContext httpContext)
   at Microsoft.AspNetCore.Routing.EndpointRoutingMiddleware.Invoke(HttpContext httpContext)
   at Microsoft.AspNetCore.Diagnostics.DeveloperExceptionPageMiddleware.Invoke(HttpContext context)|url: https://localhost/api/vacation/employeeleaves/getEmployeeLeavesAllByDate/1/2020-01-30T10:34/2020-12-31T10:34|action: GetEmployeeLeavesAllByDate
2020-07-20 21:06:43.8117||INFO|Vacations.API.Program|######### Initialize Application ########## |url: |action: 
2020-07-20 21:08:51.9040||INFO|Vacations.API.Program|######### Initialize Application ########## |url: |action: 
2020-07-20 21:09:55.1150||INFO|Vacations.API.Program|######### Initialize Application ########## |url: |action: 
2020-07-20 21:11:50.5684||INFO|Vacations.API.Program|######### Initialize Application ########## |url: |action: 
2020-07-20 21:15:20.4136||INFO|Vacations.API.Program|######### Initialize Application ########## |url: |action: 
2020-07-20 21:17:19.2588||INFO|Vacations.API.Program|######### Initialize Application ########## |url: |action: 
2020-07-20 21:17:43.1974|1|ERROR|Microsoft.AspNetCore.Diagnostics.DeveloperExceptionPageMiddleware|An unhandled exception has occurred while executing the request. AutoMapper.AutoMapperMappingException: Missing type map configuration or unsupported mapping.

Mapping types:
EmployeeLeavesAllDateDTO -> EmployeeLeavesEntity
Vacations.API.Models.EmployeeLeavesAllDateDTO -> Vacations.API.Entities.EmployeeLeavesEntity
   at lambda_method(Closure , EmployeeLeavesAllDateDTO , EmployeeLeavesEntity , ResolutionContext )
   at lambda_method(Closure , Object , Object , ResolutionContext )
   at AutoMapper.Mapper.Map[TDestination](Object source) in C:\projects\automapper\src\AutoMapper\Mapper.cs:line 35
   at Vacations.API.Core.Services.Leaves.EmployeeLeavesService.GetEmployeeLeavesAllByDate(EmployeeLeavesAllDateDTO employeeLeavesAllDateDTO) in C:\Projects\VacationManagement\Vacations.API\Core\Services\Leaves\EmployeeLeavesService.cs:line 40
   at Vacations.API.Controllers.Leaves.EmployeeLeavesController.GetEmployeeLeavesAllByDate(Int32 vacationTypeId, DateTime dateFrom, DateTime dateTo) in C:\Projects\VacationManagement\Vacations.API\Controllers\Leaves\EmployeeLeavesController.cs:line 54
   at Microsoft.AspNetCore.Mvc.Internal.ActionMethodExecutor.TaskOfIActionResultExecutor.Execute(IActionResultTypeMapper mapper, ObjectMethodExecutor executor, Object controller, Object[] arguments)
   at System.Threading.Tasks.ValueTask`1.get_Result()
   at Microsoft.AspNetCore.Mvc.Internal.ControllerActionInvoker.InvokeActionMethodAsync()
   at Microsoft.AspNetCore.Mvc.Internal.ControllerActionInvoker.InvokeNextActionFilterAsync()
   at Microsoft.AspNetCore.Mvc.Internal.ControllerActionInvoker.Rethrow(ActionExecutedContext context)
   at Microsoft.AspNetCore.Mvc.Internal.ControllerActionInvoker.Next(State& next, Scope& scope, Object& state, Boolean& isCompleted)
   at Microsoft.AspNetCore.Mvc.Internal.ControllerActionInvoker.InvokeInnerFilterAsync()
   at Microsoft.AspNetCore.Mvc.Internal.ResourceInvoker.InvokeNextResourceFilter()
   at Microsoft.AspNetCore.Mvc.Internal.ResourceInvoker.Rethrow(ResourceExecutedContext context)
   at Microsoft.AspNetCore.Mvc.Internal.ResourceInvoker.Next(State& next, Scope& scope, Object& state, Boolean& isCompleted)
   at Microsoft.AspNetCore.Mvc.Internal.ResourceInvoker.InvokeFilterPipelineAsync()
   at Microsoft.AspNetCore.Mvc.Internal.ResourceInvoker.InvokeAsync()
   at Microsoft.AspNetCore.Routing.EndpointMiddleware.Invoke(HttpContext httpContext)
   at Microsoft.AspNetCore.Routing.EndpointRoutingMiddleware.Invoke(HttpContext httpContext)
   at Microsoft.AspNetCore.Diagnostics.DeveloperExceptionPageMiddleware.Invoke(HttpContext context)|url: https://localhost/api/vacation/employeeleaves/getEmployeeLeavesAllByDate/1/2020-01-30T10:34/2020-12-31T10:34|action: GetEmployeeLeavesAllByDate
2020-07-20 21:20:36.6701||INFO|Vacations.API.Program|######### Initialize Application ########## |url: |action: 
2020-07-20 21:22:08.5192||INFO|Vacations.API.Program|######### Initialize Application ########## |url: |action: 
2020-07-20 21:24:33.1347||INFO|Vacations.API.Program|######### Initialize Application ########## |url: |action: 
2020-07-20 21:26:24.7832||INFO|Vacations.API.Program|######### Initialize Application ########## |url: |action: 
2020-07-20 21:26:44.5812||INFO|Vacations.API.Program|######### Initialize Application ########## |url: |action: 
2020-07-20 21:28:00.4324||INFO|Vacations.API.Program|######### Initialize Application ########## |url: |action: 
2020-07-20 21:28:54.4016||INFO|Vacations.API.Program|######### Initialize Application ########## |url: |action: 
